2025-08-04 18:30:14,657 - INFO - New order 36244054-d6df-40f8-ab7f-b77938d359d1 registered!
2025-08-04 18:30:14,660 - INFO - Application launched
2025-08-04 18:42:14,348 - INFO - New order 499046ff-9bed-4773-bc18-6648623ae17d registered!
2025-08-04 18:42:14,352 - INFO - Application launched
2025-08-04 18:50:51,180 - INFO - New order f243fb68-e119-4563-9f65-6fc55a33c16e registered!
2025-08-04 18:50:51,186 - INFO - Application launched
2025-08-04 18:53:28,284 - INFO - Application launched
2025-08-04 18:55:45,000 - INFO - Application launched
2025-08-04 18:58:01,856 - INFO - Application launched
2025-08-04 18:59:55,253 - INFO - Application launched
2025-08-04 19:02:11,943 - INFO - Application launched
2025-08-04 19:02:14,915 - INFO - Worklist with accession number 2025080419021481 created
2025-08-04 19:46:17,389 - INFO - Worklist with accession number 2025080419461737 created
2025-08-04 19:55:23,054 - INFO - Application launched
2025-08-04 19:57:37,000 - INFO - Application launched
2025-08-04 20:02:37,502 - INFO - Application launched
2025-08-04 20:24:10,645 - INFO - Application launched
2025-08-04 20:27:15,036 - INFO - Application launched
2025-08-04 20:27:17,176 - INFO - Worklist with accession number 2025080420271716 created
2025-08-04 21:19:20,247 - INFO - New order 2c9fabac-975b-4bf9-bc09-b292728a5302 registered!
2025-08-04 21:19:20,252 - INFO - Application launched
2025-08-04 21:19:22,982 - INFO - Worklist with accession number 2025080421192297 created
2025-08-04 21:41:21,812 - INFO - New order 0578dadb-df4b-4932-a25a-a876f7b9809a registered!
2025-08-04 21:41:21,815 - INFO - Application launched
2025-08-04 21:41:30,779 - INFO - Worklist with accession number 2025080421413076 created
2025-08-04 21:49:06,965 - INFO - New order e138e552-4704-421e-8450-a3c5f91defb9 registered!
2025-08-04 21:49:06,971 - INFO - Application launched
2025-08-04 21:49:09,672 - INFO - Worklist with accession number 2025080421490966 created
2025-08-04 22:39:49,319 - INFO - New order 2bc01ced-6976-4b54-9a3a-a40760d544af registered!
2025-08-04 22:39:49,327 - INFO - Application launched
2025-08-04 22:39:51,127 - INFO - Worklist with accession number 2025080422395110 created
2025-08-05 19:57:13,511 - INFO - Application launched
2025-08-05 20:11:25,304 - INFO - Application launched
2025-08-05 20:18:45,176 - INFO - HIS successfully gets the scheduling of order 7190614f-f60c-4add-ad06-fdd2f95fa26b
2025-08-05 20:18:45,184 - INFO - Application launched
2025-08-05 20:19:29,368 - INFO - Worklist with accession number 2025080520192932 created
2025-08-06 10:49:46,344 - INFO - HIS successfully gets the scheduling of order 25bfc613-2c33-4873-be28-d95bc2040f5b
2025-08-06 10:49:46,347 - INFO - Application launched
2025-08-06 10:51:24,743 - INFO - Worklist with accession number 2025080610512473 created
2025-08-06 10:53:16,132 - INFO - Message successfully sent to HIS
2025-08-06 11:01:16,748 - INFO - Application launched
2025-08-06 11:12:58,807 - INFO - Application launched
2025-08-06 11:14:18,843 - INFO - New order 954bead6-3da9-41ed-ae13-36fe5c01f390 registered!
2025-08-06 11:14:18,847 - INFO - Application launched
2025-08-06 11:14:23,794 - INFO - Worklist with accession number 2025080611142377 created
